TN:
SF:/home/abcd/web3-curriculum/week-6/3_HardhatCoverage_GasProfile/ico-erc20-contract/contracts/MyPestoGems.sol
FN:10,constructor
FNF:1
FNH:1
FNDA:3,constructor
DA:13,3
LF:1
LH:1
BRF:0
BRH:0
end_of_record
TN:
SF:/home/abcd/web3-curriculum/week-6/3_HardhatCoverage_GasProfile/ico-erc20-contract/contracts/test/MockPestoGems.sol
FN:8,constructor
FN:10,totalSupply
FN:14,balanceOf
FN:18,transfer
FN:22,allowance
FN:29,approve
FN:33,transferFrom
FN:41,name
FN:45,symbol
FN:49,decimals
FNF:10
FNH:0
FNDA:0,constructor
FNDA:0,totalSupply
FNDA:0,balanceOf
FNDA:0,transfer
FNDA:0,allowance
FNDA:0,approve
FNDA:0,transferFrom
FNDA:0,name
FNDA:0,symbol
FNDA:0,decimals
DA:11,0
DA:15,0
DA:19,0
DA:26,0
DA:30,0
DA:38,0
DA:42,0
DA:46,0
DA:50,0
LF:9
LH:0
BRF:0
BRH:0
end_of_record
TN:
SF:/home/abcd/web3-curriculum/week-6/3_HardhatCoverage_GasProfile/ico-erc20-contract/contracts/TokenSale.sol
FN:17,constructor
FN:22,buyTokens
FNF:2
FNH:2
FNDA:3,constructor
FNDA:5,buyTokens
DA:18,3
DA:19,3
DA:23,5
DA:25,4
DA:27,4
DA:32,3
LF:6
LH:6
BRDA:23,1,0,4
BRDA:23,1,1,1
BRDA:27,2,0,3
BRDA:27,2,1,1
BRF:4
BRH:4
end_of_record
