{
"contracts/BookLibrary.sol":{"l":{"46":3,"47":3,"51":0,"52":0,"56":8,"57":6,"58":5,"62":7,"63":7,"65":7,"66":7,"67":6,"68":5,"70":4,"71":2,"73":2,"76":4,"77":4,"81":3,"82":3,"83":3,"88":2,"89":2,"90":2,"91":1,"92":1,"95":2,"96":1,"98":1,"101":2,"102":2},"path":"/home/abcd/web3-curriculum/week-6/exercises/6_3_BooksLibrary/ES_6_3/contracts/BookLibrary.sol","s":{"1":0,"2":8,"3":6,"4":7,"5":7,"6":7,"7":7,"8":6,"9":5,"10":4,"11":4,"12":4,"13":3,"14":3,"15":3,"16":2,"17":2,"18":2,"19":2,"20":2,"21":2},"b":{"1":[0,0],"2":[6,2],"3":[5,1],"4":[7,0],"5":[6,1],"6":[5,1],"7":[4,1],"8":[2,2],"9":[2,2],"10":[3,0],"11":[2,1],"12":[1,1],"13":[2,0],"14":[1,1],"15":[1,1]},"f":{"1":3,"2":0,"3":8,"4":7,"5":3},"fnMap":{"1":{"name":"constructor","line":45,"loc":{"start":{"line":45,"column":4},"end":{"line":48,"column":4}}},"2":{"name":"librarianOnly","line":50,"loc":{"start":{"line":50,"column":4},"end":{"line":53,"column":4}}},"3":{"name":"memberRegistration","line":55,"loc":{"start":{"line":55,"column":4},"end":{"line":59,"column":4}}},"4":{"name":"borrowBook","line":61,"loc":{"start":{"line":61,"column":4},"end":{"line":78,"column":4}}},"5":{"name":"returnBook","line":80,"loc":{"start":{"line":80,"column":4},"end":{"line":103,"column":4}}}},"statementMap":{"1":{"start":{"line":51,"column":8},"end":{"line":51,"column":67}},"2":{"start":{"line":56,"column":8},"end":{"line":56,"column":56}},"3":{"start":{"line":57,"column":8},"end":{"line":57,"column":60}},"4":{"start":{"line":62,"column":8},"end":{"line":62,"column":62}},"5":{"start":{"line":63,"column":8},"end":{"line":63,"column":61}},"6":{"start":{"line":65,"column":8},"end":{"line":65,"column":51}},"7":{"start":{"line":66,"column":8},"end":{"line":66,"column":64}},"8":{"start":{"line":67,"column":8},"end":{"line":67,"column":58}},"9":{"start":{"line":68,"column":8},"end":{"line":68,"column":73}},"10":{"start":{"line":70,"column":8},"end":{"line":70,"column":2192}},"11":{"start":{"line":76,"column":8},"end":{"line":76,"column":44}},"12":{"start":{"line":77,"column":8},"end":{"line":77,"column":45}},"13":{"start":{"line":81,"column":8},"end":{"line":81,"column":62}},"14":{"start":{"line":82,"column":8},"end":{"line":82,"column":61}},"15":{"start":{"line":83,"column":8},"end":{"line":83,"column":2594}},"16":{"start":{"line":88,"column":8},"end":{"line":88,"column":51}},"17":{"start":{"line":89,"column":8},"end":{"line":89,"column":64}},"18":{"start":{"line":90,"column":8},"end":{"line":90,"column":2836}},"19":{"start":{"line":95,"column":8},"end":{"line":95,"column":2969}},"20":{"start":{"line":101,"column":8},"end":{"line":101,"column":33}},"21":{"start":{"line":102,"column":8},"end":{"line":102,"column":45}}},"branchMap":{"1":{"line":51,"type":"if","locations":[{"start":{"line":51,"column":8},"end":{"line":51,"column":8}},{"start":{"line":51,"column":8},"end":{"line":51,"column":8}}]},"2":{"line":56,"type":"if","locations":[{"start":{"line":56,"column":8},"end":{"line":56,"column":8}},{"start":{"line":56,"column":8},"end":{"line":56,"column":8}}]},"3":{"line":57,"type":"if","locations":[{"start":{"line":57,"column":8},"end":{"line":57,"column":8}},{"start":{"line":57,"column":8},"end":{"line":57,"column":8}}]},"4":{"line":62,"type":"if","locations":[{"start":{"line":62,"column":8},"end":{"line":62,"column":8}},{"start":{"line":62,"column":8},"end":{"line":62,"column":8}}]},"5":{"line":66,"type":"if","locations":[{"start":{"line":66,"column":8},"end":{"line":66,"column":8}},{"start":{"line":66,"column":8},"end":{"line":66,"column":8}}]},"6":{"line":67,"type":"if","locations":[{"start":{"line":67,"column":8},"end":{"line":67,"column":8}},{"start":{"line":67,"column":8},"end":{"line":67,"column":8}}]},"7":{"line":68,"type":"if","locations":[{"start":{"line":68,"column":8},"end":{"line":68,"column":8}},{"start":{"line":68,"column":8},"end":{"line":68,"column":8}}]},"8":{"line":68,"type":"cond-expr","locations":[{"start":{"line":68,"column":16},"end":{"line":68,"column":29}},{"start":{"line":68,"column":34},"end":{"line":68,"column":47}}]},"9":{"line":70,"type":"if","locations":[{"start":{"line":70,"column":8},"end":{"line":70,"column":8}},{"start":{"line":70,"column":8},"end":{"line":70,"column":8}}]},"10":{"line":81,"type":"if","locations":[{"start":{"line":81,"column":8},"end":{"line":81,"column":8}},{"start":{"line":81,"column":8},"end":{"line":81,"column":8}}]},"11":{"line":83,"type":"if","locations":[{"start":{"line":83,"column":8},"end":{"line":83,"column":8}},{"start":{"line":83,"column":8},"end":{"line":83,"column":8}}]},"12":{"line":84,"type":"cond-expr","locations":[{"start":{"line":84,"column":12},"end":{"line":84,"column":30}},{"start":{"line":84,"column":35},"end":{"line":84,"column":53}}]},"13":{"line":89,"type":"if","locations":[{"start":{"line":89,"column":8},"end":{"line":89,"column":8}},{"start":{"line":89,"column":8},"end":{"line":89,"column":8}}]},"14":{"line":90,"type":"if","locations":[{"start":{"line":90,"column":8},"end":{"line":90,"column":8}},{"start":{"line":90,"column":8},"end":{"line":90,"column":8}}]},"15":{"line":95,"type":"if","locations":[{"start":{"line":95,"column":8},"end":{"line":95,"column":8}},{"start":{"line":95,"column":8},"end":{"line":95,"column":8}}]}}},
"contracts/BookRepository.sol":{"l":{"40":6,"44":27,"45":24,"49":5,"53":6,"60":16,"61":16,"62":16,"63":16,"67":3,"68":3,"69":3,"73":7,"74":6,"75":6,"76":6,"80":4,"81":3,"82":3,"83":3,"87":9},"path":"/home/abcd/web3-curriculum/week-6/exercises/6_3_BooksLibrary/ES_6_3/contracts/BookRepository.sol","s":{"1":27,"2":6,"3":16,"4":16,"5":16,"6":3,"7":3,"8":7,"9":6,"10":4,"11":3,"12":9},"b":{"1":[24,3],"2":[5,1],"3":[16,1],"4":[3,1],"5":[6,1],"6":[3,1]},"f":{"1":6,"2":27,"3":5,"4":6,"5":16,"6":3,"7":7,"8":4,"9":9},"fnMap":{"1":{"name":"constructor","line":39,"loc":{"start":{"line":39,"column":4},"end":{"line":41,"column":4}}},"2":{"name":"librarianOnly","line":43,"loc":{"start":{"line":43,"column":4},"end":{"line":46,"column":4}}},"3":{"name":"setLibrary","line":48,"loc":{"start":{"line":48,"column":4},"end":{"line":50,"column":4}}},"4":{"name":"getAllBooks","line":52,"loc":{"start":{"line":52,"column":4},"end":{"line":54,"column":4}}},"5":{"name":"addBook","line":59,"loc":{"start":{"line":56,"column":4},"end":{"line":64,"column":4}}},"6":{"name":"removeBook","line":66,"loc":{"start":{"line":66,"column":4},"end":{"line":70,"column":4}}},"7":{"name":"issueBook","line":72,"loc":{"start":{"line":72,"column":4},"end":{"line":77,"column":4}}},"8":{"name":"returnBook","line":79,"loc":{"start":{"line":79,"column":4},"end":{"line":84,"column":4}}},"9":{"name":"getBookInfo","line":86,"loc":{"start":{"line":86,"column":4},"end":{"line":88,"column":4}}}},"statementMap":{"1":{"start":{"line":44,"column":8},"end":{"line":44,"column":67}},"2":{"start":{"line":53,"column":8},"end":{"line":53,"column":20}},"3":{"start":{"line":60,"column":8},"end":{"line":60,"column":73}},"4":{"start":{"line":62,"column":8},"end":{"line":62,"column":23}},"5":{"start":{"line":63,"column":8},"end":{"line":63,"column":49}},"6":{"start":{"line":67,"column":8},"end":{"line":67,"column":39}},"7":{"start":{"line":69,"column":8},"end":{"line":69,"column":54}},"8":{"start":{"line":73,"column":8},"end":{"line":73,"column":58}},"9":{"start":{"line":74,"column":8},"end":{"line":74,"column":38}},"10":{"start":{"line":80,"column":8},"end":{"line":80,"column":58}},"11":{"start":{"line":81,"column":8},"end":{"line":81,"column":38}},"12":{"start":{"line":87,"column":8},"end":{"line":87,"column":28}}},"branchMap":{"1":{"line":44,"type":"if","locations":[{"start":{"line":44,"column":8},"end":{"line":44,"column":8}},{"start":{"line":44,"column":8},"end":{"line":44,"column":8}}]},"2":{"line":48,"type":"if","locations":[{"start":{"line":48,"column":51},"end":{"line":48,"column":51}},{"start":{"line":48,"column":51},"end":{"line":48,"column":51}}]},"3":{"line":59,"type":"if","locations":[{"start":{"line":59,"column":15},"end":{"line":59,"column":15}},{"start":{"line":59,"column":15},"end":{"line":59,"column":15}}]},"4":{"line":66,"type":"if","locations":[{"start":{"line":66,"column":49},"end":{"line":66,"column":49}},{"start":{"line":66,"column":49},"end":{"line":66,"column":49}}]},"5":{"line":73,"type":"if","locations":[{"start":{"line":73,"column":8},"end":{"line":73,"column":8}},{"start":{"line":73,"column":8},"end":{"line":73,"column":8}}]},"6":{"line":80,"type":"if","locations":[{"start":{"line":80,"column":8},"end":{"line":80,"column":8}},{"start":{"line":80,"column":8},"end":{"line":80,"column":8}}]}}}}
