TN:
SF:/home/abcd/web3-curriculum/week-6/exercises/6_3_BooksLibrary/ES_6_3/contracts/BookLibrary.sol
FN:45,constructor
FN:50,librarianOnly
FN:55,memberRegistration
FN:61,borrowBook
FN:80,returnBook
FNF:5
FNH:4
FNDA:3,constructor
FNDA:0,librarianOnly
FNDA:8,memberRegistration
FNDA:7,borrowBook
FNDA:3,returnBook
DA:46,3
DA:47,3
DA:51,0
DA:52,0
DA:56,8
DA:57,6
DA:58,5
DA:62,7
DA:63,7
DA:65,7
DA:66,7
DA:67,6
DA:68,5
DA:70,4
DA:71,2
DA:73,2
DA:76,4
DA:77,4
DA:81,3
DA:82,3
DA:83,3
DA:88,2
DA:89,2
DA:90,2
DA:91,1
DA:92,1
DA:95,2
DA:96,1
DA:98,1
DA:101,2
DA:102,2
LF:31
LH:29
BRDA:51,1,0,0
BRDA:51,1,1,0
BRDA:56,2,0,6
BRDA:56,2,1,2
BRDA:57,3,0,5
BRDA:57,3,1,1
BRDA:62,4,0,7
BRDA:62,4,1,0
BRDA:66,5,0,6
BRDA:66,5,1,1
BRDA:67,6,0,5
BRDA:67,6,1,1
BRDA:68,7,0,4
BRDA:68,7,1,1
BRDA:68,8,0,2
BRDA:68,8,1,2
BRDA:70,9,0,2
BRDA:70,9,1,2
BRDA:81,10,0,3
BRDA:81,10,1,0
BRDA:83,11,0,2
BRDA:83,11,1,1
BRDA:84,12,0,1
BRDA:84,12,1,1
BRDA:89,13,0,2
BRDA:89,13,1,0
BRDA:90,14,0,1
BRDA:90,14,1,1
BRDA:95,15,0,1
BRDA:95,15,1,1
BRF:30
BRH:25
end_of_record
TN:
SF:/home/abcd/web3-curriculum/week-6/exercises/6_3_BooksLibrary/ES_6_3/contracts/BookRepository.sol
FN:39,constructor
FN:43,librarianOnly
FN:48,setLibrary
FN:52,getAllBooks
FN:59,addBook
FN:66,removeBook
FN:72,issueBook
FN:79,returnBook
FN:86,getBookInfo
FNF:9
FNH:9
FNDA:6,constructor
FNDA:27,librarianOnly
FNDA:5,setLibrary
FNDA:6,getAllBooks
FNDA:16,addBook
FNDA:3,removeBook
FNDA:7,issueBook
FNDA:4,returnBook
FNDA:9,getBookInfo
DA:40,6
DA:44,27
DA:45,24
DA:49,5
DA:53,6
DA:60,16
DA:61,16
DA:62,16
DA:63,16
DA:67,3
DA:68,3
DA:69,3
DA:73,7
DA:74,6
DA:75,6
DA:76,6
DA:80,4
DA:81,3
DA:82,3
DA:83,3
DA:87,9
LF:21
LH:21
BRDA:44,1,0,24
BRDA:44,1,1,3
BRDA:48,2,0,5
BRDA:48,2,1,1
BRDA:59,3,0,16
BRDA:59,3,1,1
BRDA:66,4,0,3
BRDA:66,4,1,1
BRDA:73,5,0,6
BRDA:73,5,1,1
BRDA:80,6,0,3
BRDA:80,6,1,1
BRF:12
BRH:12
end_of_record
