{
"contracts/RewardToken.sol":{"l":{"14":1},"path":"/home/abcd/web3-curriculum/week-6/exercises/6_2_NFTStaking/ES_6_2/contracts/RewardToken.sol","s":{"1":1},"b":{"1":[1,0]},"f":{"1":3,"2":1},"fnMap":{"1":{"name":"constructor","line":11,"loc":{"start":{"line":8,"column":4},"end":{"line":11,"column":29}}},"2":{"name":"mint","line":13,"loc":{"start":{"line":13,"column":4},"end":{"line":15,"column":4}}}},"statementMap":{"1":{"start":{"line":14,"column":8},"end":{"line":14,"column":24}}},"branchMap":{"1":{"line":13,"type":"if","locations":[{"start":{"line":13,"column":55},"end":{"line":13,"column":55}},{"start":{"line":13,"column":55},"end":{"line":13,"column":55}}]}}},
"contracts/StakingContract.sol":{"l":{"23":3,"27":4,"29":3,"33":3,"37":2,"38":2,"39":2,"41":2,"42":2,"43":2,"44":1,"45":1,"50":2,"52":1,"53":1,"54":1,"55":1,"61":1,"62":1,"63":1,"72":0},"path":"/home/abcd/web3-curriculum/week-6/exercises/6_2_NFTStaking/ES_6_2/contracts/StakingContract.sol","s":{"1":4,"2":3,"3":3,"4":2,"5":2,"6":2,"7":2,"8":2,"9":2,"10":2,"11":1,"12":1,"13":1,"14":1,"15":1,"16":1,"17":0},"b":{"1":[3,1],"2":[2,0],"3":[1,1],"4":[1,1]},"f":{"1":3,"2":4,"3":2,"4":1,"5":0},"fnMap":{"1":{"name":"constructor","line":22,"loc":{"start":{"line":22,"column":4},"end":{"line":24,"column":4}}},"2":{"name":"stakeNFT","line":26,"loc":{"start":{"line":26,"column":4},"end":{"line":34,"column":4}}},"3":{"name":"unStake","line":36,"loc":{"start":{"line":36,"column":4},"end":{"line":56,"column":4}}},"4":{"name":"calculateReward","line":58,"loc":{"start":{"line":58,"column":4},"end":{"line":64,"column":4}}},"5":{"name":"onERC721Received","line":66,"loc":{"start":{"line":66,"column":4},"end":{"line":73,"column":4}}}},"statementMap":{"1":{"start":{"line":27,"column":8},"end":{"line":27,"column":62}},"2":{"start":{"line":29,"column":8},"end":{"line":29,"column":838}},"3":{"start":{"line":33,"column":8},"end":{"line":33,"column":75}},"4":{"start":{"line":37,"column":8},"end":{"line":37,"column":59}},"5":{"start":{"line":38,"column":8},"end":{"line":38,"column":26}},"6":{"start":{"line":39,"column":8},"end":{"line":39,"column":18}},"7":{"start":{"line":41,"column":8},"end":{"line":41,"column":1219}},"8":{"start":{"line":42,"column":12},"end":{"line":42,"column":1285}},"9":{"start":{"line":43,"column":16},"end":{"line":43,"column":1351}},"10":{"start":{"line":50,"column":8},"end":{"line":50,"column":55}},"11":{"start":{"line":52,"column":8},"end":{"line":52,"column":70}},"12":{"start":{"line":54,"column":8},"end":{"line":54,"column":44}},"13":{"start":{"line":55,"column":8},"end":{"line":55,"column":75}},"14":{"start":{"line":61,"column":8},"end":{"line":61,"column":45}},"15":{"start":{"line":62,"column":8},"end":{"line":62,"column":51}},"16":{"start":{"line":63,"column":8},"end":{"line":63,"column":70}},"17":{"start":{"line":72,"column":8},"end":{"line":72,"column":56}}},"branchMap":{"1":{"line":27,"type":"if","locations":[{"start":{"line":27,"column":8},"end":{"line":27,"column":8}},{"start":{"line":27,"column":8},"end":{"line":27,"column":8}}]},"2":{"line":42,"type":"if","locations":[{"start":{"line":42,"column":12},"end":{"line":42,"column":12}},{"start":{"line":42,"column":12},"end":{"line":42,"column":12}}]},"3":{"line":43,"type":"if","locations":[{"start":{"line":43,"column":16},"end":{"line":43,"column":16}},{"start":{"line":43,"column":16},"end":{"line":43,"column":16}}]},"4":{"line":50,"type":"if","locations":[{"start":{"line":50,"column":8},"end":{"line":50,"column":8}},{"start":{"line":50,"column":8},"end":{"line":50,"column":8}}]}}},
"contracts/StakingNFT.sol":{"l":{"16":4,"17":4,"27":8,"33":0},"path":"/home/abcd/web3-curriculum/week-6/exercises/6_2_NFTStaking/ES_6_2/contracts/StakingNFT.sol","s":{"1":4,"2":4,"3":8,"4":0},"b":{},"f":{"1":3,"2":4,"3":8,"4":0},"fnMap":{"1":{"name":"constructor","line":13,"loc":{"start":{"line":13,"column":4},"end":{"line":13,"column":49}}},"2":{"name":"safeMint","line":15,"loc":{"start":{"line":15,"column":4},"end":{"line":18,"column":4}}},"3":{"name":"_beforeTokenTransfer","line":21,"loc":{"start":{"line":21,"column":4},"end":{"line":28,"column":4}}},"4":{"name":"supportsInterface","line":30,"loc":{"start":{"line":30,"column":4},"end":{"line":34,"column":4}}}},"statementMap":{"1":{"start":{"line":16,"column":8},"end":{"line":16,"column":34}},"2":{"start":{"line":17,"column":8},"end":{"line":17,"column":55}},"3":{"start":{"line":27,"column":8},"end":{"line":27,"column":63}},"4":{"start":{"line":33,"column":8},"end":{"line":33,"column":51}}},"branchMap":{}}}
