TN:
SF:/home/abcd/web3-curriculum/week-6/exercises/6_2_NFTStaking/ES_6_2/contracts/RewardToken.sol
FN:11,constructor
FN:13,mint
FNF:2
FNH:2
FNDA:3,constructor
FNDA:1,mint
DA:14,1
LF:1
LH:1
BRDA:13,1,0,1
BRDA:13,1,1,0
BRF:2
BRH:1
end_of_record
TN:
SF:/home/abcd/web3-curriculum/week-6/exercises/6_2_NFTStaking/ES_6_2/contracts/StakingContract.sol
FN:22,constructor
FN:26,stakeNFT
FN:36,unStake
FN:58,calculateReward
FN:66,onERC721Received
FNF:5
FNH:4
FNDA:3,constructor
FNDA:4,stakeNFT
FNDA:2,unStake
FNDA:1,calculateReward
FNDA:0,onERC721Received
DA:23,3
DA:27,4
DA:29,3
DA:33,3
DA:37,2
DA:38,2
DA:39,2
DA:41,2
DA:42,2
DA:43,2
DA:44,1
DA:45,1
DA:50,2
DA:52,1
DA:53,1
DA:54,1
DA:55,1
DA:61,1
DA:62,1
DA:63,1
DA:72,0
LF:21
LH:20
BRDA:27,1,0,3
BRDA:27,1,1,1
BRDA:42,2,0,2
BRDA:42,2,1,0
BRDA:43,3,0,1
BRDA:43,3,1,1
BRDA:50,4,0,1
BRDA:50,4,1,1
BRF:8
BRH:7
end_of_record
TN:
SF:/home/abcd/web3-curriculum/week-6/exercises/6_2_NFTStaking/ES_6_2/contracts/StakingNFT.sol
FN:13,constructor
FN:15,safeMint
FN:21,_beforeTokenTransfer
FN:30,supportsInterface
FNF:4
FNH:3
FNDA:3,constructor
FNDA:4,safeMint
FNDA:8,_beforeTokenTransfer
FNDA:0,supportsInterface
DA:16,4
DA:17,4
DA:27,8
DA:33,0
LF:4
LH:3
BRF:0
BRH:0
end_of_record
