{
"contracts/MyPestoGems.sol":{"l":{"13":3},"path":"/home/abcd/web3-curriculum/week-6/3_HardhatCoverage_GasProfile/ico-erc20-contract/contracts/MyPestoGems.sol","s":{"1":3},"b":{},"f":{"1":3},"fnMap":{"1":{"name":"constructor","line":10,"loc":{"start":{"line":10,"column":4},"end":{"line":14,"column":4}}}},"statementMap":{"1":{"start":{"line":13,"column":8},"end":{"line":13,"column":50}}},"branchMap":{}},
"contracts/test/MockPestoGems.sol":{"l":{"11":0,"15":0,"19":0,"26":0,"30":0,"38":0,"42":0,"46":0,"50":0},"path":"/home/abcd/web3-curriculum/week-6/3_HardhatCoverage_GasProfile/ico-erc20-contract/contracts/test/MockPestoGems.sol","s":{"1":0,"2":0,"3":0,"4":0,"5":0,"6":0,"7":0,"8":0,"9":0},"b":{},"f":{"1":0,"2":0,"3":0,"4":0,"5":0,"6":0,"7":0,"8":0,"9":0,"10":0},"fnMap":{"1":{"name":"constructor","line":8,"loc":{"start":{"line":8,"column":4},"end":{"line":8,"column":40}}},"2":{"name":"totalSupply","line":10,"loc":{"start":{"line":10,"column":4},"end":{"line":12,"column":4}}},"3":{"name":"balanceOf","line":14,"loc":{"start":{"line":14,"column":4},"end":{"line":16,"column":4}}},"4":{"name":"transfer","line":18,"loc":{"start":{"line":18,"column":4},"end":{"line":20,"column":4}}},"5":{"name":"allowance","line":22,"loc":{"start":{"line":22,"column":4},"end":{"line":27,"column":4}}},"6":{"name":"approve","line":29,"loc":{"start":{"line":29,"column":4},"end":{"line":31,"column":4}}},"7":{"name":"transferFrom","line":33,"loc":{"start":{"line":33,"column":4},"end":{"line":39,"column":4}}},"8":{"name":"name","line":41,"loc":{"start":{"line":41,"column":4},"end":{"line":43,"column":4}}},"9":{"name":"symbol","line":45,"loc":{"start":{"line":45,"column":4},"end":{"line":47,"column":4}}},"10":{"name":"decimals","line":49,"loc":{"start":{"line":49,"column":4},"end":{"line":51,"column":4}}}},"statementMap":{"1":{"start":{"line":11,"column":8},"end":{"line":11,"column":41}},"2":{"start":{"line":15,"column":8},"end":{"line":15,"column":16}},"3":{"start":{"line":19,"column":8},"end":{"line":19,"column":19}},"4":{"start":{"line":26,"column":8},"end":{"line":26,"column":16}},"5":{"start":{"line":30,"column":8},"end":{"line":30,"column":19}},"6":{"start":{"line":38,"column":8},"end":{"line":38,"column":19}},"7":{"start":{"line":42,"column":8},"end":{"line":42,"column":28}},"8":{"start":{"line":46,"column":8},"end":{"line":46,"column":20}},"9":{"start":{"line":50,"column":8},"end":{"line":50,"column":17}}},"branchMap":{}},
"contracts/TokenSale.sol":{"l":{"18":3,"19":3,"23":5,"25":4,"27":4,"32":3},"path":"/home/abcd/web3-curriculum/week-6/3_HardhatCoverage_GasProfile/ico-erc20-contract/contracts/TokenSale.sol","s":{"1":5,"2":4,"3":4,"4":3},"b":{"1":[4,1],"2":[3,1]},"f":{"1":3,"2":5},"fnMap":{"1":{"name":"constructor","line":17,"loc":{"start":{"line":17,"column":4},"end":{"line":20,"column":4}}},"2":{"name":"buyTokens","line":22,"loc":{"start":{"line":22,"column":4},"end":{"line":33,"column":4}}}},"statementMap":{"1":{"start":{"line":23,"column":8},"end":{"line":23,"column":63}},"2":{"start":{"line":25,"column":8},"end":{"line":25,"column":51}},"3":{"start":{"line":27,"column":8},"end":{"line":27,"column":698}},"4":{"start":{"line":32,"column":8},"end":{"line":32,"column":60}}},"branchMap":{"1":{"line":23,"type":"if","locations":[{"start":{"line":23,"column":8},"end":{"line":23,"column":8}},{"start":{"line":23,"column":8},"end":{"line":23,"column":8}}]},"2":{"line":27,"type":"if","locations":[{"start":{"line":27,"column":8},"end":{"line":27,"column":8}},{"start":{"line":27,"column":8},"end":{"line":27,"column":8}}]}}}}
